<?xml version="1.0" encoding="UTF-8"?>
<testsuite name="AcronymTest" tests="6" skipped="0" failures="0" errors="0" timestamp="2017-06-06T01:08:42" hostname="LUK-PC08MLC5" time="0.014">
  <properties/>
  <testcase name="fromTitleCasedPhrases" classname="AcronymTest" time="0.008"/>
  <testcase name="fromPhrasesWithPunctuationAndSentenceCasing" classname="AcronymTest" time="0.001"/>
  <testcase name="fromOtherPhrasesWithPunctuation" classname="AcronymTest" time="0.0"/>
  <testcase name="fromPhrasesWithNonAcronymAllCapsWord" classname="AcronymTest" time="0.0"/>
  <testcase name="fromOtherTitleCasedPhrases" classname="AcronymTest" time="0.001"/>
  <testcase name="fromPhrasesWithPunctuation" classname="AcronymTest" time="0.003"/>
  <system-out><![CDATA[]]></system-out>
  <system-err><![CDATA[]]></system-err>
</testsuite>
